0 info it worked if it ends with ok
1 verbose cli [ 'D:\\Installs\\nodejs\\node.exe',
1 verbose cli   'D:\\Installs\\nodejs\\node_modules\\npm\\bin\\npm-cli.js',
1 verbose cli   'start' ]
2 info using npm@3.10.10
3 info using node@v6.11.0
4 verbose run-script [ 'prestart', 'start', 'poststart' ]
5 info lifecycle booktrivia@1.0.0~prestart: booktrivia@1.0.0
6 silly lifecycle booktrivia@1.0.0~prestart: no script for prestart, continuing
7 info lifecycle booktrivia@1.0.0~start: booktrivia@1.0.0
8 verbose lifecycle booktrivia@1.0.0~start: unsafe-perm in lifecycle true
9 verbose lifecycle booktrivia@1.0.0~start: PATH: D:\Installs\nodejs\node_modules\npm\bin\node-gyp-bin;D:\Projects\booktrivia\node_modules\.bin;C:\Users\kille\bin;D:\Installs\Git\mingw64\bin;D:\Installs\Git\usr\local\bin;D:\Installs\Git\usr\bin;D:\Installs\Git\usr\bin;D:\Installs\Git\mingw64\bin;D:\Installs\Git\usr\bin;C:\Users\kille\bin;C:\Program Files (x86)\Intel\iCLS Client;C:\Program Files\Intel\iCLS Client;C:\Windows\System32;C:\Windows;C:\Windows\System32\wbem;C:\Windows\System32\WindowsPowerShell\v1.0;C:\Program Files (x86)\Intel\OpenCL SDK\2.0\bin\x86;C:\Program Files (x86)\Intel\OpenCL SDK\2.0\bin\x64;C:\Program Files\Intel\Intel(R) Management Engine Components\DAL;C:\Program Files\Intel\Intel(R) Management Engine Components\IPT;C:\Program Files (x86)\Intel\Intel(R) Management Engine Components\DAL;C:\Program Files (x86)\Intel\Intel(R) Management Engine Components\IPT;D:\Installs\Android\android-sdk\tools;D:\Installs\Android\android-sdk\platform-tools;C:\Android;D:\Installs\Python35\Scripts;D:\Installs\Python35;C:\Users\kille\AppData\Roaming\npm;C:\adb;C:\Program Files\Microsoft\Web Platform Installer;C:\Program Files (x86)\Common Files\LENOVO\easyplussdk\bin;D:\Installs\Skype\Phone;D:\Installs\Git\cmd;D:\Installs\nodejs;D:\Installs\PuTTY;D:\Installs\VirtualBox;C:\Program Files (x86)\Windows Kits\8.1\Windows Performance Toolkit;D:\Installs\GnuPG\bin;C:\Windows\System32\OpenSSH;C:\WINDOWS\system32;C:\WINDOWS;C:\WINDOWS\System32\Wbem;C:\WINDOWS\System32\WindowsPowerShell\v1.0;C:\WINDOWS\System32\OpenSSH;C:\Windows\system32;C:\Windows\System32\Wbem;C:\Users\kille\.dnx\bin;C:\Program Files\Microsoft DNX\Dnvm;C:\Program Files (x86)\Common Files\lenovo\easyplussdk\bin;D:\Softwares\apache-ant-1.9.6-bin\apache-ant-1.9.6\bin;D:\Installs\Microsoft VS Code\bin;D:\Installs\apache-maven-3.3.9\bin;C:\Users\kille\AppData\Local\Microsoft\WindowsApps;D:\Installs\Heroku\bin;D:\Installs\MongoDB\Server\3.4\bin;C:\Users\kille\AppData\Local\Microsoft\WindowsApps;D:\Installs\Java\jdk1.8.0_65\bin;D:\Installs\Git\usr\bin\vendor_perl;D:\Installs\Git\usr\bin\core_perl
10 verbose lifecycle booktrivia@1.0.0~start: CWD: D:\Projects\booktrivia
11 silly lifecycle booktrivia@1.0.0~start: Args: [ '/d /s /c',
11 silly lifecycle   'concurrently -n "WEBPACK,FLASK" -c "bgBlue.bold,bgMagenta.bold" "npm run webpack-dev-server" "npm run flask-server"' ]
12 silly lifecycle booktrivia@1.0.0~start: Returned: code: 1  signal: null
13 info lifecycle booktrivia@1.0.0~start: Failed to exec start script
14 verbose stack Error: booktrivia@1.0.0 start: `concurrently -n "WEBPACK,FLASK" -c "bgBlue.bold,bgMagenta.bold" "npm run webpack-dev-server" "npm run flask-server"`
14 verbose stack Exit status 1
14 verbose stack     at EventEmitter.<anonymous> (D:\Installs\nodejs\node_modules\npm\lib\utils\lifecycle.js:255:16)
14 verbose stack     at emitTwo (events.js:106:13)
14 verbose stack     at EventEmitter.emit (events.js:191:7)
14 verbose stack     at ChildProcess.<anonymous> (D:\Installs\nodejs\node_modules\npm\lib\utils\spawn.js:40:14)
14 verbose stack     at emitTwo (events.js:106:13)
14 verbose stack     at ChildProcess.emit (events.js:191:7)
14 verbose stack     at maybeClose (internal/child_process.js:891:16)
14 verbose stack     at Process.ChildProcess._handle.onexit (internal/child_process.js:226:5)
15 verbose pkgid booktrivia@1.0.0
16 verbose cwd D:\Projects\booktrivia
17 error Windows_NT 10.0.17713
18 error argv "D:\\Installs\\nodejs\\node.exe" "D:\\Installs\\nodejs\\node_modules\\npm\\bin\\npm-cli.js" "start"
19 error node v6.11.0
20 error npm  v3.10.10
21 error code ELIFECYCLE
22 error booktrivia@1.0.0 start: `concurrently -n "WEBPACK,FLASK" -c "bgBlue.bold,bgMagenta.bold" "npm run webpack-dev-server" "npm run flask-server"`
22 error Exit status 1
23 error Failed at the booktrivia@1.0.0 start script 'concurrently -n "WEBPACK,FLASK" -c "bgBlue.bold,bgMagenta.bold" "npm run webpack-dev-server" "npm run flask-server"'.
23 error Make sure you have the latest version of node.js and npm installed.
23 error If you do, this is most likely a problem with the booktrivia package,
23 error not with npm itself.
23 error Tell the author that this fails on your system:
23 error     concurrently -n "WEBPACK,FLASK" -c "bgBlue.bold,bgMagenta.bold" "npm run webpack-dev-server" "npm run flask-server"
23 error You can get information on how to open an issue for this project with:
23 error     npm bugs booktrivia
23 error Or if that isn't available, you can get their info via:
23 error     npm owner ls booktrivia
23 error There is likely additional logging output above.
24 verbose exit [ 1, true ]
